<?xml version="1.0" encoding="UTF-8"?>
<testsuite xmlns:xsi="http://www.w3.org/2001/XMLSchema-instance" xsi:noNamespaceSchemaLocation="https://maven.apache.org/surefire/maven-surefire-plugin/xsd/surefire-test-report.xsd" name="com.example.todo.TaskManagerTest" time="0.059" tests="4" errors="0" skipped="0" failures="0">
  <properties>
[...]
</properties>
  <testcase name="testAddTask" classname="com.example.todo.TaskManagerTest" time="0.024"/>
  <testcase name="testGetAllTasks" classname="com.example.todo.TaskManagerTest" time="0.003"/>
  <testcase name="testRemoveTask" classname="com.example.todo.TaskManagerTest" time="0.004"/>
  <testcase name="testGetTaskById" classname="com.example.todo.TaskManagerTest" time="0.005"/>
</testsuite>